==============================================================
Vitis HLS - High-Level Synthesis from C, C++ and OpenCL v2023.1 (64-bit)
Tool Version Limit: 2023.05
Copyright 1986-2022 Xilinx, Inc. All Rights Reserved.
Copyright 2022-2023 Advanced Micro Devices, Inc. All Rights Reserved.

==============================================================
INFO: [HLS 200-1505] Using default flow_target 'vivado'
INFO: [HLS 200-1510] Running: set_part xcu280-fsvh2892-2L-e 
INFO: [HLS 200-1611] Setting target device to 'xcu280-fsvh2892-2L-e'
INFO: [HLS 200-1510] Running: create_clock -period 300.000000MHz -name default 
INFO: [SYN 201-201] Setting up clock 'default' with a period of 3.333ns.
INFO: [HLS 200-1510] Running: set_top krnl 
INFO: [HLS 200-1510] Running: config_interface -m_axi_latency=64 
INFO: [HLS 200-1510] Running: config_interface -m_axi_alignment_byte_size=64 
INFO: [HLS 200-1510] Running: config_interface -m_axi_max_widen_bitwidth=512 
INFO: [HLS 200-1510] Running: config_rtl -register_reset_num=3 
INFO: [HLS 200-1510] Running: add_files /home/pyuvaraj/tcl_template/src/krnl.cpp -cflags -I/home/pyuvaraj/tcl_template/build/src 
INFO: [HLS 200-10] Adding design file '/home/pyuvaraj/tcl_template/src/krnl.cpp' to the project
INFO: [HLS 200-1510] Running: add_files -tb /home/pyuvaraj/tcl_template/src/test_krnl.cpp -cflags -I/home/pyuvaraj/tcl_template/build/src 
INFO: [HLS 200-10] Adding test bench file '/home/pyuvaraj/tcl_template/src/test_krnl.cpp' to the project
INFO: [HLS 200-1510] Running: csim_design 
INFO: [SIM 211-2] *************** CSIM start ***************
INFO: [SIM 211-4] CSIM will launch GCC as the compiler.
INFO: [HLS 200-2036] Building debug C Simulation binaries
INFO: [SIM 211-1] CSim done with 0 errors.
INFO: [SIM 211-3] *************** CSIM finish ***************
INFO: [HLS 200-111] Finished Command csim_design CPU user time: 0.4 seconds. CPU system time: 0.6 seconds. Elapsed time: 1 seconds; current allocated memory: 0.555 MB.
==============================================================
Vitis HLS - High-Level Synthesis from C, C++ and OpenCL v2023.1 (64-bit)
Tool Version Limit: 2023.05
Copyright 1986-2022 Xilinx, Inc. All Rights Reserved.
Copyright 2022-2023 Advanced Micro Devices, Inc. All Rights Reserved.

==============================================================
INFO: [SYN 201-201] Setting up clock 'default' with a period of 3.333ns.
INFO: [HLS 200-1611] Setting target device to 'xcu280-fsvh2892-2L-e'
INFO: [HLS 200-1505] Using flow_target 'vivado'
INFO: [HLS 200-435] Setting 'open_solution -flow_target vivado' configuration: config_interface -m_axi_latency=0
INFO: [HLS 200-435] Setting 'open_solution -flow_target vivado' configuration: config_interface -m_axi_alignment_byte_size=1
INFO: [HLS 200-435] Setting 'open_solution -flow_target vivado' configuration: config_interface -m_axi_max_widen_bitwidth=0
INFO: [HLS 200-435] Setting 'open_solution -flow_target vivado' configuration: config_rtl -register_reset_num=0
INFO: [HLS 200-1464] Running solution command: config_interface -m_axi_latency=64
INFO: [HLS 200-1464] Running solution command: config_interface -m_axi_alignment_byte_size=64
INFO: [HLS 200-1464] Running solution command: config_interface -m_axi_max_widen_bitwidth=512
INFO: [HLS 200-1464] Running solution command: config_rtl -register_reset_num=3
INFO: [HLS 200-1510] Running: set_part xcu280-fsvh2892-2L-e 
INFO: [HLS 200-1510] Running: create_clock -period 300.000000MHz -name default 
INFO: [HLS 200-1510] Running: set_top krnl 
INFO: [HLS 200-1510] Running: config_interface -m_axi_latency=64 
INFO: [HLS 200-1510] Running: config_interface -m_axi_alignment_byte_size=64 
INFO: [HLS 200-1510] Running: config_interface -m_axi_max_widen_bitwidth=512 
INFO: [HLS 200-1510] Running: config_rtl -register_reset_num=3 
INFO: [HLS 200-1510] Running: add_files /home/pyuvaraj/tcl_template/src/krnl.cpp -cflags -I/home/pyuvaraj/tcl_template/build/src 
INFO: [HLS 200-10] Adding design file '/home/pyuvaraj/tcl_template/src/krnl.cpp' to the project
INFO: [HLS 200-1510] Running: add_files -tb /home/pyuvaraj/tcl_template/src/test_krnl.cpp -cflags -I/home/pyuvaraj/tcl_template/build/src 
INFO: [HLS 200-10] Adding test bench file '/home/pyuvaraj/tcl_template/src/test_krnl.cpp' to the project
INFO: [HLS 200-1510] Running: csim_design 
INFO: [SIM 211-2] *************** CSIM start ***************
INFO: [SIM 211-4] CSIM will launch GCC as the compiler.
INFO: [HLS 200-2036] Building debug C Simulation binaries
INFO: [SIM 211-1] CSim done with 0 errors.
INFO: [SIM 211-3] *************** CSIM finish ***************
INFO: [HLS 200-111] Finished Command csim_design CPU user time: 0.64 seconds. CPU system time: 0.53 seconds. Elapsed time: 2.09 seconds; current allocated memory: 0.000 MB.
==============================================================
Vitis HLS - High-Level Synthesis from C, C++ and OpenCL v2023.1 (64-bit)
Tool Version Limit: 2023.05
Copyright 1986-2022 Xilinx, Inc. All Rights Reserved.
Copyright 2022-2023 Advanced Micro Devices, Inc. All Rights Reserved.

==============================================================
INFO: [SYN 201-201] Setting up clock 'default' with a period of 3.333ns.
INFO: [HLS 200-1611] Setting target device to 'xcu280-fsvh2892-2L-e'
INFO: [HLS 200-1505] Using flow_target 'vivado'
INFO: [HLS 200-435] Setting 'open_solution -flow_target vivado' configuration: config_interface -m_axi_latency=0
INFO: [HLS 200-435] Setting 'open_solution -flow_target vivado' configuration: config_interface -m_axi_alignment_byte_size=1
INFO: [HLS 200-435] Setting 'open_solution -flow_target vivado' configuration: config_interface -m_axi_max_widen_bitwidth=0
INFO: [HLS 200-435] Setting 'open_solution -flow_target vivado' configuration: config_rtl -register_reset_num=0
INFO: [HLS 200-1464] Running solution command: config_interface -m_axi_latency=64
INFO: [HLS 200-1464] Running solution command: config_interface -m_axi_alignment_byte_size=64
INFO: [HLS 200-1464] Running solution command: config_interface -m_axi_max_widen_bitwidth=512
INFO: [HLS 200-1464] Running solution command: config_rtl -register_reset_num=3
INFO: [HLS 200-1510] Running: set_part xcu280-fsvh2892-2L-e 
INFO: [HLS 200-1510] Running: create_clock -period 300.000000MHz -name default 
INFO: [HLS 200-1510] Running: set_top krnl 
INFO: [HLS 200-1510] Running: config_interface -m_axi_latency=64 
INFO: [HLS 200-1510] Running: config_interface -m_axi_alignment_byte_size=64 
INFO: [HLS 200-1510] Running: config_interface -m_axi_max_widen_bitwidth=512 
INFO: [HLS 200-1510] Running: config_rtl -register_reset_num=3 
INFO: [HLS 200-1510] Running: add_files /home/pyuvaraj/tcl_template/src/krnl.cpp -cflags -I/home/pyuvaraj/tcl_template/build/src 
INFO: [HLS 200-10] Adding design file '/home/pyuvaraj/tcl_template/src/krnl.cpp' to the project
INFO: [HLS 200-1510] Running: add_files -tb /home/pyuvaraj/tcl_template/src/test_krnl.cpp -cflags -I/home/pyuvaraj/tcl_template/build/src 
INFO: [HLS 200-10] Adding test bench file '/home/pyuvaraj/tcl_template/src/test_krnl.cpp' to the project
INFO: [HLS 200-1510] Running: csim_design 
INFO: [SIM 211-2] *************** CSIM start ***************
INFO: [SIM 211-4] CSIM will launch GCC as the compiler.
INFO: [HLS 200-2036] Building debug C Simulation binaries
ERROR: [SIM 211-100] 'csim_design' failed: compilation error(s).
INFO: [SIM 211-3] *************** CSIM finish ***************
INFO: [HLS 200-111] Finished Command csim_design CPU user time: 0.54 seconds. CPU system time: 0.47 seconds. Elapsed time: 1.06 seconds; current allocated memory: 0.000 MB.
==============================================================
Vitis HLS - High-Level Synthesis from C, C++ and OpenCL v2023.1 (64-bit)
Tool Version Limit: 2023.05
Copyright 1986-2022 Xilinx, Inc. All Rights Reserved.
Copyright 2022-2023 Advanced Micro Devices, Inc. All Rights Reserved.

==============================================================
INFO: [SYN 201-201] Setting up clock 'default' with a period of 3.333ns.
INFO: [HLS 200-1611] Setting target device to 'xcu280-fsvh2892-2L-e'
INFO: [HLS 200-1505] Using flow_target 'vivado'
INFO: [HLS 200-435] Setting 'open_solution -flow_target vivado' configuration: config_interface -m_axi_latency=0
INFO: [HLS 200-435] Setting 'open_solution -flow_target vivado' configuration: config_interface -m_axi_alignment_byte_size=1
INFO: [HLS 200-435] Setting 'open_solution -flow_target vivado' configuration: config_interface -m_axi_max_widen_bitwidth=0
INFO: [HLS 200-435] Setting 'open_solution -flow_target vivado' configuration: config_rtl -register_reset_num=0
INFO: [HLS 200-1464] Running solution command: config_interface -m_axi_latency=64
INFO: [HLS 200-1464] Running solution command: config_interface -m_axi_alignment_byte_size=64
INFO: [HLS 200-1464] Running solution command: config_interface -m_axi_max_widen_bitwidth=512
INFO: [HLS 200-1464] Running solution command: config_rtl -register_reset_num=3
INFO: [HLS 200-1510] Running: set_part xcu280-fsvh2892-2L-e 
INFO: [HLS 200-1510] Running: create_clock -period 300.000000MHz -name default 
INFO: [HLS 200-1510] Running: set_top krnl 
INFO: [HLS 200-1510] Running: config_interface -m_axi_latency=64 
INFO: [HLS 200-1510] Running: config_interface -m_axi_alignment_byte_size=64 
INFO: [HLS 200-1510] Running: config_interface -m_axi_max_widen_bitwidth=512 
INFO: [HLS 200-1510] Running: config_rtl -register_reset_num=3 
INFO: [HLS 200-1510] Running: add_files /home/pyuvaraj/tcl_template/src/krnl.cpp -cflags -I/home/pyuvaraj/tcl_template/build/src 
INFO: [HLS 200-10] Adding design file '/home/pyuvaraj/tcl_template/src/krnl.cpp' to the project
INFO: [HLS 200-1510] Running: add_files -tb /home/pyuvaraj/tcl_template/src/test_krnl.cpp -cflags -I/home/pyuvaraj/tcl_template/build/src 
INFO: [HLS 200-10] Adding test bench file '/home/pyuvaraj/tcl_template/src/test_krnl.cpp' to the project
INFO: [HLS 200-1510] Running: csim_design 
INFO: [SIM 211-2] *************** CSIM start ***************
INFO: [SIM 211-4] CSIM will launch GCC as the compiler.
INFO: [HLS 200-2036] Building debug C Simulation binaries
ERROR: [SIM 211-100] 'csim_design' failed: compilation error(s).
INFO: [SIM 211-3] *************** CSIM finish ***************
INFO: [HLS 200-111] Finished Command csim_design CPU user time: 0.56 seconds. CPU system time: 0.47 seconds. Elapsed time: 1.03 seconds; current allocated memory: 0.000 MB.
==============================================================
Vitis HLS - High-Level Synthesis from C, C++ and OpenCL v2023.1 (64-bit)
Tool Version Limit: 2023.05
Copyright 1986-2022 Xilinx, Inc. All Rights Reserved.
Copyright 2022-2023 Advanced Micro Devices, Inc. All Rights Reserved.

==============================================================
INFO: [SYN 201-201] Setting up clock 'default' with a period of 3.333ns.
INFO: [HLS 200-1611] Setting target device to 'xcu280-fsvh2892-2L-e'
INFO: [HLS 200-1505] Using flow_target 'vivado'
INFO: [HLS 200-435] Setting 'open_solution -flow_target vivado' configuration: config_interface -m_axi_latency=0
INFO: [HLS 200-435] Setting 'open_solution -flow_target vivado' configuration: config_interface -m_axi_alignment_byte_size=1
INFO: [HLS 200-435] Setting 'open_solution -flow_target vivado' configuration: config_interface -m_axi_max_widen_bitwidth=0
INFO: [HLS 200-435] Setting 'open_solution -flow_target vivado' configuration: config_rtl -register_reset_num=0
INFO: [HLS 200-1464] Running solution command: config_interface -m_axi_latency=64
INFO: [HLS 200-1464] Running solution command: config_interface -m_axi_alignment_byte_size=64
INFO: [HLS 200-1464] Running solution command: config_interface -m_axi_max_widen_bitwidth=512
INFO: [HLS 200-1464] Running solution command: config_rtl -register_reset_num=3
INFO: [HLS 200-1510] Running: set_part xcu280-fsvh2892-2L-e 
INFO: [HLS 200-1510] Running: create_clock -period 300.000000MHz -name default 
INFO: [HLS 200-1510] Running: set_top krnl 
INFO: [HLS 200-1510] Running: config_interface -m_axi_latency=64 
INFO: [HLS 200-1510] Running: config_interface -m_axi_alignment_byte_size=64 
INFO: [HLS 200-1510] Running: config_interface -m_axi_max_widen_bitwidth=512 
INFO: [HLS 200-1510] Running: config_rtl -register_reset_num=3 
INFO: [HLS 200-1510] Running: add_files /home/pyuvaraj/tcl_template/src/krnl.cpp -cflags -I/home/pyuvaraj/tcl_template/build/src 
INFO: [HLS 200-10] Adding design file '/home/pyuvaraj/tcl_template/src/krnl.cpp' to the project
INFO: [HLS 200-1510] Running: add_files -tb /home/pyuvaraj/tcl_template/src/test_krnl.cpp -cflags -I/home/pyuvaraj/tcl_template/build/src 
INFO: [HLS 200-10] Adding test bench file '/home/pyuvaraj/tcl_template/src/test_krnl.cpp' to the project
INFO: [HLS 200-1510] Running: csim_design 
INFO: [SIM 211-2] *************** CSIM start ***************
INFO: [SIM 211-4] CSIM will launch GCC as the compiler.
INFO: [HLS 200-2036] Building debug C Simulation binaries
INFO: [SIM 211-1] CSim done with 0 errors.
INFO: [SIM 211-3] *************** CSIM finish ***************
INFO: [HLS 200-111] Finished Command csim_design CPU user time: 1.51 seconds. CPU system time: 0.73 seconds. Elapsed time: 2.3 seconds; current allocated memory: 0.000 MB.
